2025-07-29 18:07:05,051 - INFO - Logging in...
2025-07-29 18:07:34,039 - ERROR - Login error: Message: 
Stacktrace:
	GetHandleVerifier [0x0x7ff7c8ede935+77845]
	GetHandleVerifier [0x0x7ff7c8ede990+77936]
	(No symbol) [0x0x7ff7c8c99cda]
	(No symbol) [0x0x7ff7c8cf06aa]
	(No symbol) [0x0x7ff7c8cf095c]
	(No symbol) [0x0x7ff7c8d43d07]
	(No symbol) [0x0x7ff7c8d1890f]
	(No symbol) [0x0x7ff7c8d40b07]
	(No symbol) [0x0x7ff7c8d186a3]
	(No symbol) [0x0x7ff7c8ce1791]
	(No symbol) [0x0x7ff7c8ce2523]
	GetHandleVerifier [0x0x7ff7c91b684d+3059501]
	GetHandleVerifier [0x0x7ff7c91b0c0d+3035885]
	GetHandleVerifier [0x0x7ff7c91d0400+3164896]
	GetHandleVerifier [0x0x7ff7c8ef8c3e+185118]
	GetHandleVerifier [0x0x7ff7c8f0054f+216111]
	GetHandleVerifier [0x0x7ff7c8ee72e4+113092]
	GetHandleVerifier [0x0x7ff7c8ee7499+113529]
	GetHandleVerifier [0x0x7ff7c8ece298+10616]
	BaseThreadInitThunk [0x0x7fff5b937374+20]
	RtlUserThreadStart [0x0x7fff5ba7cc91+33]

