2025-07-29T00:00:34.523Z - {"email":"a@a.a","packageName":"5x Prediction Package","timeSlot":"3:05","bettingSite":"BetWinner","timestamp":"2025-07-29T00:00:34.522Z","id":"1753747234522"}
2025-07-29T00:27:40.903Z - {"email":"1@1.g","packageName":"7x Prediction Package","timeSlot":"3:45","bettingSite":"Betway","timestamp":"2025-07-29T00:27:40.903Z","id":"1753748860903"}
2025-07-29T01:11:22.947Z - {"email":"jj@w.l","packageName":"2x Prediction Package","timeSlot":"4:25","bettingSite":"MelBet","timestamp":"2025-07-29T01:11:22.946Z","id":"1753751482946"}
2025-07-29T01:14:30.392Z - {"email":"11@3.l","packageName":"2x Prediction Package","timeSlot":"4:25","bettingSite":"MulaSport","timestamp":"2025-07-29T01:14:30.391Z","id":"1753751670391"}
2025-07-29T01:24:10.373Z - {"email":"aaa@aa.l","packageName":"15x Prediction Package","timeSlot":"4:40","bettingSite":"Betway","timestamp":"2025-07-29T01:24:10.373Z","id":"1753752250373"}
2025-07-29T01:35:11.506Z - {"email":"l@l.l","packageName":"3x Prediction Package","timeSlot":"4:40","bettingSite":"BetWinner","timestamp":"2025-07-29T01:35:11.505Z","id":"1753752911505"}
2025-07-29T01:36:01.874Z - {"email":"33@33.k","packageName":"5x Prediction Package","timeSlot":"4:45","bettingSite":"HollywoodBets","timestamp":"2025-07-29T01:36:01.873Z","id":"1753752961873"}
2025-07-29T02:02:11.627Z - {"email":"ff@ee.l","packageName":"3x Prediction Package","timeSlot":"5:20","bettingSite":"MelBet","timestamp":"2025-07-29T02:02:11.625Z","id":"1753754531625"}
2025-07-29T10:12:29.793Z - {"email":"test@example.com","packageName":"5x Prediction Package","timeSlot":"10:30","bettingSite":"Betika","timestamp":"2025-07-29T10:12:29.793Z","id":"1753783949793"}
2025-07-29T10:22:26.493Z - {"email":"jj@q.l","packageName":"2x Prediction Package","timeSlot":"13:35","bettingSite":"1xBet","timestamp":"2025-07-29T10:22:26.492Z","id":"1753784546492"}
2025-07-29T11:06:38.454Z - {"email":"11@3.k","packageName":"3x Prediction Package","timeSlot":"13:50","bettingSite":"MSport","timestamp":"2025-07-29T11:06:38.453Z","id":"1753787198453"}
2025-07-29T11:58:01.894Z - {"email":"h@w.a","packageName":"15x Prediction Package","timeSlot":"15:15","bettingSite":"Sportybet","timestamp":"2025-07-29T11:58:01.893Z","id":"1753790281893"}
2025-07-29T12:00:51.469Z - {"email":"11@w.j","packageName":"7x Prediction Package","timeSlot":"15:15","bettingSite":"Sportybet","timestamp":"2025-07-29T12:00:51.469Z","id":"1753790451469"}
2025-07-29T12:02:06.398Z - {"email":"jj@e.l","packageName":"7x Prediction Package","timeSlot":"15:20","bettingSite":"Betway","timestamp":"2025-07-29T12:02:06.398Z","id":"1753790526398"}
2025-07-29T12:03:24.569Z - {"email":"2@s.j","packageName":"3x Prediction Package","timeSlot":"15:20","bettingSite":"MulaSport","timestamp":"2025-07-29T12:03:24.569Z","id":"1753790604569"}
2025-07-29T12:10:19.346Z - {"email":"gg@3.d","packageName":"3x Prediction Package","timeSlot":"15:15","bettingSite":"Betway","timestamp":"2025-07-29T12:10:19.346Z","id":"1753791019346"}
2025-07-29T12:18:34.122Z - {"email":"hg@g.s","packageName":"3x Prediction Package","timeSlot":"15:35","bettingSite":"MulaSport","timestamp":"2025-07-29T12:18:34.122Z","id":"1753791514122"}
2025-07-29T12:26:17.567Z - {"email":"22@1.k","packageName":"5x Prediction Package","timeSlot":"15:40","bettingSite":"1win","timestamp":"2025-07-29T12:26:17.557Z","id":"1753791977557"}
2025-07-29T12:38:33.313Z - {"email":"22@rf.d","packageName":"15x Prediction Package","timeSlot":"15:55","bettingSite":"Bet365","timestamp":"2025-07-29T12:38:33.313Z","id":"1753792713313"}
2025-07-29T12:43:10.481Z - {"email":"11@1.l","packageName":"2x Prediction Package","timeSlot":"15:55","bettingSite":"Betway","timestamp":"2025-07-29T12:43:10.480Z","id":"1753792990480"}
2025-07-29T12:44:18.029Z - {"email":"w@w.k","packageName":"7x Prediction Package","timeSlot":"16:00","bettingSite":"Sportybet","timestamp":"2025-07-29T12:44:18.029Z","id":"1753793058029"}
2025-07-29T12:55:52.425Z - {"email":"22@2.c","packageName":"3x Prediction Package","timeSlot":"16:10","bettingSite":"Betika","timestamp":"2025-07-29T12:55:52.425Z","id":"1753793752425"}
2025-07-29T13:01:44.074Z - {"email":"11@3.l","packageName":"15x Prediction Package","timeSlot":"16:20","bettingSite":"Sportybet","timestamp":"2025-07-29T13:01:44.073Z","id":"1753794104073"}
2025-07-29T13:02:53.440Z - {"email":"a@a.a","packageName":"5x Prediction Package","timeSlot":"16:15","bettingSite":"PremierBet","timestamp":"2025-07-29T13:02:53.439Z","id":"1753794173439"}
2025-07-29T13:17:23.494Z - {"email":"2@2.a","packageName":"3x Prediction Package","timeSlot":"16:35","bettingSite":"MulaSport","timestamp":"2025-07-29T13:17:23.493Z","id":"1753795043493"}
2025-07-29T13:23:37.220Z - {"email":"f@w.k","packageName":"2x Prediction Package","timeSlot":"16:40","bettingSite":"BetWinner","timestamp":"2025-07-29T13:23:37.220Z","id":"1753795417220"}
2025-07-29T13:33:44.281Z - {"email":"d@s.k","packageName":"2x Prediction Package","timeSlot":"16:45","bettingSite":"Betway","timestamp":"2025-07-29T13:33:44.281Z","id":"1753796024281"}
2025-07-29T13:41:04.405Z - {"email":"1@1.1","packageName":"2x Prediction Package","timeSlot":"16:50","bettingSite":"Sportybet","timestamp":"2025-07-29T13:41:04.405Z","id":"1753796464405"}
2025-07-29T13:54:14.222Z - {"email":"joshuajoee204@gmail.com","packageName":"3x Prediction Package","timeSlot":"17:05","bettingSite":"Betika","timestamp":"2025-07-29T13:54:14.222Z","id":"1753797254222"}
2025-07-29T14:40:33.687Z - {"email":"hsjsjsjsj@gmail.com","packageName":"2x Prediction Package","timeSlot":"17:45","bettingSite":"Betika","timestamp":"2025-07-29T14:40:33.686Z","id":"1753800033686"}
